<?xml version="1.0" encoding="UTF-8"?>
<testng-results skipped="0" failed="0" ignored="0" total="2" passed="2">
  <reporter-output>
  </reporter-output>
  <suite name="Open HRM Application Suite" duration-ms="9009" started-at="2021-01-24T18:05:41Z" finished-at="2021-01-24T18:05:50Z">
    <groups>
    </groups>
    <test name="Check User Roles Test case" duration-ms="5913" started-at="2021-01-24T18:05:41Z" finished-at="2021-01-24T18:05:46Z">
      <class name="testCases.Test_Pending_Leave_Request">
        <test-method status="PASS" signature="Login()[pri:0, instance:testCases.Test_Pending_Leave_Request@3532ec19]" name="Login" is-config="true" duration-ms="4670" started-at="2021-01-24T23:35:41Z" finished-at="2021-01-24T23:35:45Z">
          <reporter-output>
          </reporter-output>
        </test-method> <!-- Login -->
        <test-method status="PASS" signature="VerifyPenidngLeaveRequest()[pri:0, instance:testCases.Test_Pending_Leave_Request@3532ec19]" name="VerifyPenidngLeaveRequest" duration-ms="1192" started-at="2021-01-24T23:35:45Z" finished-at="2021-01-24T23:35:46Z">
          <reporter-output>
          </reporter-output>
        </test-method> <!-- VerifyPenidngLeaveRequest -->
      </class> <!-- testCases.Test_Pending_Leave_Request -->
    </test> <!-- Check User Roles Test case -->
    <test name="Pending Leave Request Test case" duration-ms="3014" started-at="2021-01-24T18:05:47Z" finished-at="2021-01-24T18:05:50Z">
      <class name="testCases.Test_User_Role">
        <test-method status="PASS" signature="lunchBrowser()[pri:0, instance:testCases.Test_User_Role@57baeedf]" name="lunchBrowser" is-config="true" duration-ms="16736" started-at="2021-01-24T23:35:24Z" finished-at="2021-01-24T23:35:41Z">
          <reporter-output>
          </reporter-output>
        </test-method> <!-- lunchBrowser -->
        <test-method status="PASS" signature="CheckUserRole()[pri:0, instance:testCases.Test_User_Role@57baeedf]" name="CheckUserRole" duration-ms="3008" started-at="2021-01-24T23:35:47Z" finished-at="2021-01-24T23:35:50Z">
          <reporter-output>
          </reporter-output>
        </test-method> <!-- CheckUserRole -->
        <test-method status="PASS" signature="tearDown()[pri:0, instance:testCases.Test_User_Role@57baeedf]" name="tearDown" is-config="true" duration-ms="1" started-at="2021-01-24T23:35:50Z" finished-at="2021-01-24T23:35:50Z">
          <reporter-output>
          </reporter-output>
        </test-method> <!-- tearDown -->
      </class> <!-- testCases.Test_User_Role -->
    </test> <!-- Pending Leave Request Test case -->
  </suite> <!-- Open HRM Application Suite -->
</testng-results>
